<?xml version="1.0" encoding="UTF-8"?>
<!-- Generated by org.testng.reporters.JUnitReportReporter -->
<testsuite hostname="Ghassans-MacBook-Pro.local" name="example.NewTest" tests="1" failures="0" timestamp="28 Dec 2016 02:25:50 GMT" time="54.731" errors="0">
  <testcase name="testEasy" time="54.731" classname="example.NewTest"/>
</testsuite> <!-- example.NewTest -->
